<?xml version="1.0" encoding="UTF-8"?>
<!-- Generated by org.testng.reporters.JUnitReportReporter -->
<testsuite hostname="MYLAPTOP" failures="0" tests="1" name="automationFlow.SelAdvPrac" time="0.021" errors="0" timestamp="05 Nov 2018 16:14:10 GMT" skipped="0">
  <testcase classname="automationFlow.SelAdvPrac" name="f" time="0.021"/>
</testsuite> <!-- automationFlow.SelAdvPrac -->
